2022-05-19 11:33:05,614 INFO [root] [login_param.py(test05_get_sms_code_success:56)] - get sms code response = {'status': 200, 'description': '短信发送成功'}
2022-05-19 11:33:05,710 INFO [root] [login_param.py(test06_get_sms_code_wrong_img_code:75)] - get sms code response = {'status': 100, 'description': '图片验证码错误'}
2022-05-19 11:33:05,799 INFO [root] [login_param.py(test07_get_sms_code_img_code_is_null:93)] - get sms code response = {'status': 100, 'description': '图片验证码错误'}
2022-05-19 11:33:05,890 INFO [root] [login_param.py(test08_get_sms_code_phone_is_null:111)] - get sms code response = {'status': 100}
2022-05-19 11:33:05,939 INFO [root] [login_param.py(test09_get_sms_code_no_img_Verify:123)] - get sms code response = {'status': 100, 'description': '图片验证码错误'}
2022-05-19 11:33:06,043 INFO [root] [login_param.py(test10_register:134)] - get sms code response = {'status': 200, 'description': '短信发送成功'}
2022-05-19 11:33:06,076 INFO [root] [login_param.py(test10_register:138)] - register response = {'status': 100, 'description': '手机已存在!'}
2022-05-19 11:33:06,192 INFO [root] [login_param.py(test10_register:134)] - get sms code response = {'status': 200, 'description': '短信发送成功'}
2022-05-19 11:33:06,224 INFO [root] [login_param.py(test10_register:138)] - register response = {'status': 100, 'description': '手机已存在!'}
2022-05-19 11:33:06,319 INFO [root] [login_param.py(test10_register:134)] - get sms code response = {'status': 200, 'description': '短信发送成功'}
2022-05-19 11:33:06,347 INFO [root] [login_param.py(test10_register:138)] - register response = {'status': 100, 'description': '手机已存在!'}
2022-05-19 11:33:06,438 INFO [root] [login_param.py(test10_register:134)] - get sms code response = {'status': 200, 'description': '短信发送成功'}
2022-05-19 11:33:06,462 INFO [root] [login_param.py(test10_register:138)] - register response = {'status': 100, 'description': '手机已存在!'}
2022-05-19 11:33:06,596 INFO [root] [login_param.py(test10_register:134)] - get sms code response = {'status': 200, 'description': '短信发送成功'}
2022-05-19 11:33:06,620 INFO [root] [login_param.py(test10_register:138)] - register response = {'status': 100, 'description': '验证码错误!'}
2022-05-19 11:33:06,723 INFO [root] [login_param.py(test10_register:134)] - get sms code response = {'status': 200, 'description': '短信发送成功'}
2022-05-19 11:33:06,749 INFO [root] [login_param.py(test10_register:138)] - register response = {'status': 100, 'description': '验证码错误'}
2022-05-19 11:33:06,855 INFO [root] [login_param.py(test10_register:134)] - get sms code response = {'status': 200, 'description': '短信发送成功'}
2022-05-19 11:33:06,887 INFO [root] [login_param.py(test10_register:138)] - register response = {'status': 100, 'description': '手机已存在!'}
2022-05-19 11:33:07,022 INFO [root] [login_param.py(test11_register_success_param_all:153)] - get sms code response = {'status': 200, 'description': '短信发送成功'}
2022-05-19 11:33:07,055 INFO [root] [login_param.py(test11_register_success_param_all:158)] - register response = {'status': 100, 'description': '手机已存在!'}
2022-05-19 11:33:07,144 INFO [root] [login_param.py(test12_register_phone_is_exist:174)] - get sms code response = {'status': 200, 'description': '短信发送成功'}
2022-05-19 11:33:07,168 INFO [root] [login_param.py(test12_register_phone_is_exist:180)] - register response = {'status': 100, 'description': '手机已存在!'}
2022-05-19 11:33:07,281 INFO [root] [login_param.py(test13_register_password_is_null:196)] - get sms code response = {'status': 200, 'description': '短信发送成功'}
2022-05-19 11:33:07,335 INFO [root] [login_param.py(test13_register_password_is_null:202)] - register response = {'status': 100, 'description': '手机已存在!'}
2022-05-19 11:33:07,440 INFO [root] [login_param.py(test14_register_img_code_is_wrong:218)] - get sms code response = {'status': 200, 'description': '短信发送成功'}
2022-05-19 11:33:07,468 INFO [root] [login_param.py(test14_register_img_code_is_wrong:224)] - register response = {'status': 100, 'description': '验证码错误!'}
2022-05-19 11:33:07,580 INFO [root] [login_param.py(test15_register_sms_code_is_wrong:240)] - get sms code response = {'status': 200, 'description': '短信发送成功'}
2022-05-19 11:33:07,610 INFO [root] [login_param.py(test15_register_sms_code_is_wrong:246)] - register response = {'status': 100, 'description': '手机已存在!'}
2022-05-19 11:33:07,699 INFO [root] [login_param.py(test16_register_no_agree_protocol:262)] - get sms code response = {'status': 200, 'description': '短信发送成功'}
2022-05-19 11:33:07,738 INFO [root] [login_param.py(test16_register_no_agree_protocol:268)] - register response = {'status': 100, 'description': '手机已存在!'}
2022-05-19 11:33:07,873 INFO [root] [login_param.py(test18_login_phone_not_exist:286)] - login response = {'status': 100, 'description': '用户不存在'}
2022-05-19 11:33:07,930 INFO [root] [login_param.py(test19_login_pwd_is_null:294)] - login response = {'status': 100, 'description': '密码不能为空'}
2022-05-19 11:33:07,992 INFO [root] [login_param.py(test20_login_wrong_pwd:303)] - login response = {'status': 100, 'data': {'login_error': 2}, 'description': '密码错误1次,达到3次将锁定账户'}
2022-05-19 11:33:08,034 INFO [root] [login_param.py(test20_login_wrong_pwd:308)] - login response = {'status': 100, 'data': {'login_error': 3}, 'description': '密码错误2次,达到3次将锁定账户'}
2022-05-19 11:33:08,079 INFO [root] [login_param.py(test20_login_wrong_pwd:313)] - login response = {'status': 100, 'description': '由于连续输入错误密码达到上限，账号已被锁定，请于1.0分钟后重新登录'}
2022-05-19 11:33:08,113 INFO [root] [login_param.py(test20_login_wrong_pwd:318)] - login response = {'status': 100, 'description': '由于连续输入错误密码达到上限，账号已被锁定，请于1.0分钟后重新登录'}
